<?xml version="1.0" encoding="UTF-8"?>
<!-- Generated by org.testng.reporters.JUnitXMLReporter -->
<testsuite ignored="0" hostname="LT-Harsh" failures="0" tests="12" name="JavaFramework" time="2.279" errors="0" timestamp="2025-08-18T09:41:03 IST">
  <testcase classname="testBase.TestBase" name="@BeforeClass setup" time="-1.75549026083E9">
    <failure type="org.testng.TestNGException" message="
Parameter &amp;apos;os&amp;apos; is required by BeforeClass on method setup but has not been marked @Optional or defined
in C:\Users\Sunny\AppData\Local\JetBrains\IdeaIC2024.1\temp-testng-customsuite.xml">
      <![CDATA[org.testng.TestNGException: 
Parameter 'os' is required by BeforeClass on method setup but has not been marked @Optional or defined
in C:\Users\Sunny\AppData\Local\JetBrains\IdeaIC2024.1\temp-testng-customsuite.xml
at java.base/java.util.ArrayList.forEach(ArrayList.java:1597)
at com.intellij.rt.testng.IDEARemoteTestNG.run(IDEARemoteTestNG.java:65)
at com.intellij.rt.testng.RemoteTestNGStarter.main(RemoteTestNGStarter.java:105)
... Removed 19 stack frames]]>
    </failure>
  </testcase> <!-- @BeforeClass setup -->
  <testcase classname="testBase.TestBase" name="@AfterClass teardown" time="0.0">
    <skipped/>
  </testcase> <!-- @AfterClass teardown -->
  <testcase classname="testBase.TestBase" name="@BeforeClass setup" time="-1.755490260917E9">
    <failure type="org.testng.TestNGException" message="
Parameter &amp;apos;os&amp;apos; is required by BeforeClass on method setup but has not been marked @Optional or defined
in C:\Users\Sunny\AppData\Local\JetBrains\IdeaIC2024.1\temp-testng-customsuite.xml">
      <![CDATA[org.testng.TestNGException: 
Parameter 'os' is required by BeforeClass on method setup but has not been marked @Optional or defined
in C:\Users\Sunny\AppData\Local\JetBrains\IdeaIC2024.1\temp-testng-customsuite.xml
at java.base/java.util.ArrayList.forEach(ArrayList.java:1597)
at com.intellij.rt.testng.IDEARemoteTestNG.run(IDEARemoteTestNG.java:65)
at com.intellij.rt.testng.RemoteTestNGStarter.main(RemoteTestNGStarter.java:105)
... Removed 19 stack frames]]>
    </failure>
  </testcase> <!-- @BeforeClass setup -->
  <testcase classname="testBase.TestBase" name="@AfterClass teardown" time="0.0">
    <skipped/>
  </testcase> <!-- @AfterClass teardown -->
  <testcase classname="testBase.TestBase" name="@BeforeClass setup" time="-1.75549026306E9">
    <failure type="org.testng.TestNGException" message="
Parameter &amp;apos;os&amp;apos; is required by BeforeClass on method setup but has not been marked @Optional or defined
in C:\Users\Sunny\AppData\Local\JetBrains\IdeaIC2024.1\temp-testng-customsuite.xml">
      <![CDATA[org.testng.TestNGException: 
Parameter 'os' is required by BeforeClass on method setup but has not been marked @Optional or defined
in C:\Users\Sunny\AppData\Local\JetBrains\IdeaIC2024.1\temp-testng-customsuite.xml
at java.base/java.util.ArrayList.forEach(ArrayList.java:1597)
at com.intellij.rt.testng.IDEARemoteTestNG.run(IDEARemoteTestNG.java:65)
at com.intellij.rt.testng.RemoteTestNGStarter.main(RemoteTestNGStarter.java:105)
... Removed 19 stack frames]]>
    </failure>
  </testcase> <!-- @BeforeClass setup -->
  <testcase classname="testBase.TestBase" name="@AfterClass teardown" time="0.0">
    <skipped/>
  </testcase> <!-- @AfterClass teardown -->
  <testcase classname="testCases.TC001" name="homePageTestMethod" time="0.0">
    <skipped/>
  </testcase> <!-- homePageTestMethod -->
  <testcase classname="testCases.TC001" name="registerPageTestMethod" time="0.0">
    <skipped/>
  </testcase> <!-- registerPageTestMethod -->
  <testcase classname="testCases.TC001" name="redirectionToEditAccount" time="0.0">
    <skipped/>
  </testcase> <!-- redirectionToEditAccount -->
  <testcase classname="testCases.TC001" name="editAccounts" time="0.0">
    <skipped/>
  </testcase> <!-- editAccounts -->
  <testcase classname="testCases.TC001" name="RedirectionToEditAccount" time="0.0">
    <skipped/>
  </testcase> <!-- RedirectionToEditAccount -->
  <testcase classname="testCases.TC003Login_DDT" name="verifylogin" time="0.0">
    <skipped/>
  </testcase> <!-- verifylogin -->
  <testcase classname="testCases.TC003Login_DDT" name="verifylogin" time="0.0">
    <skipped/>
  </testcase> <!-- verifylogin -->
  <testcase classname="testCases.TC003Login_DDT" name="verifylogin" time="0.0">
    <skipped/>
  </testcase> <!-- verifylogin -->
  <testcase classname="testCases.TC003Login_DDT" name="verifylogin" time="0.001">
    <skipped/>
  </testcase> <!-- verifylogin -->
  <testcase classname="testCases.TC003Login_DDT" name="verifylogin" time="0.001">
    <skipped/>
  </testcase> <!-- verifylogin -->
  <testcase classname="testCases.TC003Login_DDT" name="verifylogin" time="0.0">
    <skipped/>
  </testcase> <!-- verifylogin -->
  <testcase classname="testCases.TC002LoginTestCase" name="LoginPage" time="0.0">
    <skipped/>
  </testcase> <!-- LoginPage -->
</testsuite> <!-- JavaFramework -->
