<?xml version="1.0" encoding="UTF-8"?>
<!-- Generated by org.testng.reporters.JUnitXMLReporter -->
<testsuite ignored="0" hostname="LT-Harsh" failures="1" tests="5" name="Run-TC001" time="8.397" errors="0" timestamp="2025-08-20T11:04:17 IST">
  <testcase classname="testCases.TC001" name="homePageTestMethod" time="1.197"/>
  <testcase classname="testCases.TC001" name="registerPageTestMethod" time="1.654"/>
  <testcase classname="testCases.TC001" name="redirectionToEditAccount" time="0.362"/>
  <testcase classname="testCases.TC001" name="editAccounts" time="0.984"/>
  <testcase classname="testCases.TC001" name="RedirectionToEditAccount" time="0.389">
    <failure type="java.lang.AssertionError" message="First name was not updated correctly! expected [Harry] but found [OQIYG]">
      <![CDATA[java.lang.AssertionError: First name was not updated correctly! expected [Harry] but found [OQIYG]
at testCases.TC001.RedirectionToEditAccount(TC001.java:120)
at java.base/java.util.ArrayList.forEach(ArrayList.java:1597)
at com.intellij.rt.testng.IDEARemoteTestNG.run(IDEARemoteTestNG.java:65)
at com.intellij.rt.testng.RemoteTestNGStarter.main(RemoteTestNGStarter.java:105)
... Removed 27 stack frames]]>
    </failure>
  </testcase> <!-- RedirectionToEditAccount -->
</testsuite> <!-- Run-TC001 -->
