<?xml version="1.0" encoding="UTF-8"?>
<!-- Generated by org.testng.reporters.JUnitReportReporter -->
<testsuite hostname="LT-Harsh" failures="0" tests="7" name="testCases.TC003Login_DDT" time="-1755490304.000" errors="1" timestamp="2025-08-18T09:41:03 IST" skipped="6">
  <testcase classname="testCases.TC003Login_DDT" name="verifylogin" time="0.000">
    <skipped/>
  </testcase> <!-- verifylogin -->
  <testcase classname="testCases.TC003Login_DDT" name="verifylogin" time="0.000">
    <skipped/>
  </testcase> <!-- verifylogin -->
  <testcase classname="testCases.TC003Login_DDT" name="verifylogin" time="0.001">
    <skipped/>
  </testcase> <!-- verifylogin -->
  <testcase classname="testCases.TC003Login_DDT" name="verifylogin" time="0.000">
    <skipped/>
  </testcase> <!-- verifylogin -->
  <testcase classname="testCases.TC003Login_DDT" name="setup" time="-1755490304.000">
    <error message="
Parameter &#039;os&#039; is required by BeforeClass on method setup but has not been marked @Optional or defined
in C:\Users\Sunny\AppData\Local\JetBrains\IdeaIC2024.1\temp-testng-customsuite.xml" type="org.testng.TestNGException">
      <![CDATA[org.testng.TestNGException: 
Parameter 'os' is required by BeforeClass on method setup but has not been marked @Optional or defined
in C:\Users\Sunny\AppData\Local\JetBrains\IdeaIC2024.1\temp-testng-customsuite.xml
at org.testng.internal.Parameters.createParams(Parameters.java:264)
at org.testng.internal.Parameters.createParametersForMethod(Parameters.java:352)
at org.testng.internal.Parameters.createParameters(Parameters.java:690)
at org.testng.internal.Parameters.createConfigurationParameters(Parameters.java:163)
at org.testng.internal.invokers.ConfigInvoker.invokeConfigurations(ConfigInvoker.java:313)
at org.testng.internal.invokers.TestMethodWorker.invokeBeforeClassMethods(TestMethodWorker.java:188)
at org.testng.internal.invokers.TestMethodWorker.run(TestMethodWorker.java:128)
at java.base/java.util.ArrayList.forEach(ArrayList.java:1597)
at org.testng.TestRunner.privateRun(TestRunner.java:741)
at org.testng.TestRunner.run(TestRunner.java:616)
at org.testng.SuiteRunner.runTest(SuiteRunner.java:421)
at org.testng.SuiteRunner.runSequentially(SuiteRunner.java:413)
at org.testng.SuiteRunner.privateRun(SuiteRunner.java:373)
at org.testng.SuiteRunner.run(SuiteRunner.java:312)
at org.testng.SuiteRunnerWorker.runSuite(SuiteRunnerWorker.java:52)
at org.testng.SuiteRunnerWorker.run(SuiteRunnerWorker.java:95)
at org.testng.TestNG.runSuitesSequentially(TestNG.java:1274)
at org.testng.TestNG.runSuitesLocally(TestNG.java:1208)
at org.testng.TestNG.runSuites(TestNG.java:1112)
at org.testng.TestNG.run(TestNG.java:1079)
at com.intellij.rt.testng.IDEARemoteTestNG.run(IDEARemoteTestNG.java:65)
at com.intellij.rt.testng.RemoteTestNGStarter.main(RemoteTestNGStarter.java:105)
]]>
    </error>
  </testcase> <!-- setup -->
  <testcase classname="testCases.TC003Login_DDT" name="verifylogin" time="0.000">
    <skipped/>
  </testcase> <!-- verifylogin -->
  <testcase classname="testCases.TC003Login_DDT" name="verifylogin" time="0.001">
    <skipped/>
  </testcase> <!-- verifylogin -->
</testsuite> <!-- testCases.TC003Login_DDT -->
